<?xml version="1.0" encoding="UTF-8"?>
<!-- Generated by org.testng.reporters.JUnitReportReporter -->
<testsuite skipped="0" hostname="jaydip.cs" name="SignUppage.LoginAgent" tests="2" failures="0" timestamp="07 Feb 2018 09:28:04 GMT" time="4.442" errors="0">
  <testcase name="test1" time="3.454" classname="SignUppage.LoginAgent"/>
  <testcase name="test2" time="0.988" classname="SignUppage.LoginAgent"/>
</testsuite> <!-- SignUppage.LoginAgent -->
