<?xml version="1.0" encoding="UTF-8"?>
<!-- Generated by org.testng.reporters.JUnitReportReporter -->
<testsuite skipped="0" hostname="jaydip.cs" name="Login_Page.LoginScreenTest" tests="1" failures="0" timestamp="08 Feb 2018 09:48:17 GMT" time="209.291" errors="0">
  <testcase name="setup" time="209.291" classname="Login_Page.LoginScreenTest"/>
</testsuite> <!-- Login_Page.LoginScreenTest -->
