<?xml version="1.0" encoding="UTF-8"?>
<!-- Generated by org.testng.reporters.JUnitReportReporter -->
<testsuite skipped="0" hostname="jaydip.cs" name="SignUppage.Signup" tests="1" failures="0" timestamp="07 Feb 2018 10:59:28 GMT" time="34.239" errors="0">
  <testcase name="signupdetail" time="34.239" classname="SignUppage.Signup"/>
</testsuite> <!-- SignUppage.Signup -->
