<?xml version="1.0" encoding="UTF-8"?>
<!-- Generated by org.testng.reporters.JUnitReportReporter -->
<testsuite skipped="0" hostname="jaydip.cs" name="AgencyPanel.Agency_Login" tests="1" failures="0" timestamp="30 Jan 2018 05:08:13 GMT" time="43.573" errors="0">
  <testcase name="test" time="43.573" classname="AgencyPanel.Agency_Login"/>
</testsuite> <!-- AgencyPanel.Agency_Login -->
