<?xml version="1.0" encoding="UTF-8"?>
<!-- Generated by org.testng.reporters.JUnitReportReporter -->
<testsuite name="Login_Page.LoginScreen" tests="1" time="32.372" ignored="0" failures="0" timestamp="21 Aug 2017 05:07:11 GMT" skipped="0" hostname="jaydip.cs" errors="0">
  <testcase name="login" time="32.372" classname="Login_Page.LoginScreen"/>
</testsuite> <!-- Login_Page.LoginScreen -->
