<?xml version="1.0" encoding="UTF-8"?>
<!-- Generated by org.testng.reporters.JUnitReportReporter -->
<testsuite hostname="jaydip.cs" name="Login_Page.LoginScreenTest" tests="1" failures="0" timestamp="8 Feb 2018 09:03:04 GMT" time="53.769" errors="0">
  <testcase name="setup" time="53.769" classname="Login_Page.LoginScreenTest"/>
</testsuite> <!-- Login_Page.LoginScreenTest -->
