<?xml version="1.0" encoding="UTF-8"?>
<!-- Generated by org.testng.reporters.JUnitReportReporter -->
<testsuite hostname="jaydip.cs" name="Login_Page.LoginScreenTest" tests="1" failures="0" timestamp="9 Feb 2018 06:40:51 GMT" time="60.052" errors="0">
  <testcase name="setup" time="60.052" classname="Login_Page.LoginScreenTest"/>
</testsuite> <!-- Login_Page.LoginScreenTest -->
