<?xml version="1.0" encoding="UTF-8"?>
<!-- Generated by org.testng.reporters.JUnitReportReporter -->
<testsuite hostname="jaydip.cs" name="Login_Page.LoginScreenTest" tests="1" failures="0" timestamp="13 Feb 2018 08:07:45 GMT" time="0.032" errors="0">
  <testcase name="setup" time="0.032" classname="Login_Page.LoginScreenTest"/>
</testsuite> <!-- Login_Page.LoginScreenTest -->
